  ConsoleInterface.cpp
C:\Users\Win10_Game_OS\source\repos\RK_KMP_StringSearcher\RK_KMP_StringSearcher\RK.cpp(34,27): warning C4018: '<=': signed/unsigned mismatch
C:\Users\Win10_Game_OS\source\repos\RK_KMP_StringSearcher\RK_KMP_StringSearcher\RK.cpp(52,27): warning C4018: '<': signed/unsigned mismatch
C:\Users\Win10_Game_OS\source\repos\RK_KMP_StringSearcher\RK_KMP_StringSearcher\RK.cpp(59,27): warning C4018: '<': signed/unsigned mismatch
C:\Users\Win10_Game_OS\source\repos\RK_KMP_StringSearcher\RK_KMP_StringSearcher\RK.cpp(76,27): warning C4018: '<': signed/unsigned mismatch
C:\Users\Win10_Game_OS\source\repos\RK_KMP_StringSearcher\RK_KMP_StringSearcher\KMP.cpp(18,34): warning C4018: '<': signed/unsigned mismatch
C:\Users\Win10_Game_OS\source\repos\RK_KMP_StringSearcher\RK_KMP_StringSearcher\KMP.cpp(40,27): warning C4018: '<': signed/unsigned mismatch
C:\Users\Win10_Game_OS\source\repos\RK_KMP_StringSearcher\RK_KMP_StringSearcher\ConsoleInterface.cpp(48,21): warning C4018: '<=': signed/unsigned mismatch
C:\Users\Win10_Game_OS\source\repos\RK_KMP_StringSearcher\RK_KMP_StringSearcher\ConsoleInterface.cpp(74,21): warning C4018: '<=': signed/unsigned mismatch
C:\Users\Win10_Game_OS\source\repos\RK_KMP_StringSearcher\RK_KMP_StringSearcher\ConsoleInterface.cpp(99,21): warning C4018: '<=': signed/unsigned mismatch
C:\Users\Win10_Game_OS\source\repos\RK_KMP_StringSearcher\RK_KMP_StringSearcher\ConsoleInterface.cpp(164,21): warning C4018: '<': signed/unsigned mismatch
C:\Users\Win10_Game_OS\source\repos\RK_KMP_StringSearcher\RK_KMP_StringSearcher\ConsoleInterface.cpp(175,21): warning C4018: '<': signed/unsigned mismatch
  KMP.cpp
C:\Users\Win10_Game_OS\source\repos\RK_KMP_StringSearcher\RK_KMP_StringSearcher\KMP.cpp(18,34): warning C4018: '<': signed/unsigned mismatch
C:\Users\Win10_Game_OS\source\repos\RK_KMP_StringSearcher\RK_KMP_StringSearcher\KMP.cpp(40,27): warning C4018: '<': signed/unsigned mismatch
  main.cpp
C:\Users\Win10_Game_OS\source\repos\RK_KMP_StringSearcher\RK_KMP_StringSearcher\RK.cpp(34,27): warning C4018: '<=': signed/unsigned mismatch
C:\Users\Win10_Game_OS\source\repos\RK_KMP_StringSearcher\RK_KMP_StringSearcher\RK.cpp(52,27): warning C4018: '<': signed/unsigned mismatch
C:\Users\Win10_Game_OS\source\repos\RK_KMP_StringSearcher\RK_KMP_StringSearcher\RK.cpp(59,27): warning C4018: '<': signed/unsigned mismatch
C:\Users\Win10_Game_OS\source\repos\RK_KMP_StringSearcher\RK_KMP_StringSearcher\RK.cpp(76,27): warning C4018: '<': signed/unsigned mismatch
C:\Users\Win10_Game_OS\source\repos\RK_KMP_StringSearcher\RK_KMP_StringSearcher\KMP.cpp(18,34): warning C4018: '<': signed/unsigned mismatch
C:\Users\Win10_Game_OS\source\repos\RK_KMP_StringSearcher\RK_KMP_StringSearcher\KMP.cpp(40,27): warning C4018: '<': signed/unsigned mismatch
C:\Users\Win10_Game_OS\source\repos\RK_KMP_StringSearcher\RK_KMP_StringSearcher\ConsoleInterface.cpp(48,21): warning C4018: '<=': signed/unsigned mismatch
C:\Users\Win10_Game_OS\source\repos\RK_KMP_StringSearcher\RK_KMP_StringSearcher\ConsoleInterface.cpp(74,21): warning C4018: '<=': signed/unsigned mismatch
C:\Users\Win10_Game_OS\source\repos\RK_KMP_StringSearcher\RK_KMP_StringSearcher\ConsoleInterface.cpp(99,21): warning C4018: '<=': signed/unsigned mismatch
C:\Users\Win10_Game_OS\source\repos\RK_KMP_StringSearcher\RK_KMP_StringSearcher\ConsoleInterface.cpp(164,21): warning C4018: '<': signed/unsigned mismatch
C:\Users\Win10_Game_OS\source\repos\RK_KMP_StringSearcher\RK_KMP_StringSearcher\ConsoleInterface.cpp(175,21): warning C4018: '<': signed/unsigned mismatch
  RK.cpp
C:\Users\Win10_Game_OS\source\repos\RK_KMP_StringSearcher\RK_KMP_StringSearcher\RK.cpp(34,27): warning C4018: '<=': signed/unsigned mismatch
C:\Users\Win10_Game_OS\source\repos\RK_KMP_StringSearcher\RK_KMP_StringSearcher\RK.cpp(52,27): warning C4018: '<': signed/unsigned mismatch
C:\Users\Win10_Game_OS\source\repos\RK_KMP_StringSearcher\RK_KMP_StringSearcher\RK.cpp(59,27): warning C4018: '<': signed/unsigned mismatch
C:\Users\Win10_Game_OS\source\repos\RK_KMP_StringSearcher\RK_KMP_StringSearcher\RK.cpp(76,27): warning C4018: '<': signed/unsigned mismatch
  Generating Code...
  RK_KMP_StringSearcher.vcxproj -> C:\Users\Win10_Game_OS\source\repos\RK_KMP_StringSearcher\Debug\RK_KMP_StringSearcher.exe
